{"name":"Arming the System with Away mode","testSteps":[{"number":1,"description":"[1] {user_name\u003dcimxhm22, password\u003dXhome170!}","duration":43812,"startTime":1475179261298,"screenshots":[{"screenshot":"9dcd3ea041821c845e4fd8ec2f6191b3.png"}],"result":"SUCCESS","children":[{"number":2,"description":"Given XFINITY Home application URL has been launched","duration":32194,"startTime":1475179262401,"screenshots":[{"screenshot":"9dcd3ea041821c845e4fd8ec2f6191b3.png"},{"screenshot":"38349a9b3872e095f0ea5fbc03c9d944.png"}],"result":"SUCCESS"},{"number":3,"description":"And Agent has logged into XFINITY Home successfully with \"cimxhm22\" and \"Xhome170!\"","duration":10507,"startTime":1475179294596,"screenshots":[{"screenshot":"38349a9b3872e095f0ea5fbc03c9d944.png"}],"exception":{"errorType":"org.openqa.selenium.NoSuchElementException","message":"Timed out after 5 seconds. Element not found\nFor documentation on this error, please visit: http://seleniumhq.org/exceptions/no_such_element.html\nBuild info: version: \u00272.53.0\u0027, revision: \u002735ae25b1534ae328c771e0856c93e187490ca824\u0027, time: \u00272016-03-15 10:43:46\u0027\nSystem info: host: \u0027PATAPL-C3GUF6T6\u0027, ip: \u002710.36.96.94\u0027, os.name: \u0027Mac OS X\u0027, os.arch: \u0027x86_64\u0027, os.version: \u002710.11.6\u0027, java.version: \u00271.8.0_91\u0027\nDriver info: driver.version: unknown\nFor documentation on this error, please visit: http://seleniumhq.org/exceptions/no_such_element.html\nBuild info: version: \u00272.53.0\u0027, revision: \u002735ae25b1534ae328c771e0856c93e187490ca824\u0027, time: \u00272016-03-15 10:43:46\u0027\nSystem info: host: \u0027PATAPL-C3GUF6T6\u0027, ip: \u002710.36.96.94\u0027, os.name: \u0027Mac OS X\u0027, os.arch: \u0027x86_64\u0027, os.version: \u002710.11.6\u0027, java.version: \u00271.8.0_91\u0027\nDriver info: driver.version: unknown","stackTrace":[{"declaringClass":"com.comcast.serenity.XHomePOC1.LoginPage","methodName":"enterCredentialDetailsWithStayIn","fileName":"LoginPage.java","lineNumber":120},{"declaringClass":"com.comcast.serenity.XHomePOC.Overview_Steps","methodName":"loginToApplication","fileName":"Overview_Steps.java","lineNumber":22},{"declaringClass":"com.comcast.serenity.XHomePOC.Overview_StepDefinition","methodName":"agent_has_logged_into_XFINITY_Home_successfully_with_and","fileName":"Overview_StepDefinition.java","lineNumber":40}],"COLLAPSE_NEW_LINE_HINTS":["AssertionError","Expected","Expecting","ComparisonFailure"]},"result":"ERROR","children":[{"number":4,"description":"Login to application: cimxhm22, Xhome170!","duration":207,"startTime":1475179304883,"screenshots":[{"screenshot":"38349a9b3872e095f0ea5fbc03c9d944.png"},{"screenshot":"38349a9b3872e095f0ea5fbc03c9d944.png","htmlSource":"pagesource816002400819795709.html.txt"}],"exception":{"errorType":"org.openqa.selenium.NoSuchElementException","message":"Timed out after 5 seconds. Element not found\nFor documentation on this error, please visit: http://seleniumhq.org/exceptions/no_such_element.html\nBuild info: version: \u00272.53.0\u0027, revision: \u002735ae25b1534ae328c771e0856c93e187490ca824\u0027, time: \u00272016-03-15 10:43:46\u0027\nSystem info: host: \u0027PATAPL-C3GUF6T6\u0027, ip: \u002710.36.96.94\u0027, os.name: \u0027Mac OS X\u0027, os.arch: \u0027x86_64\u0027, os.version: \u002710.11.6\u0027, java.version: \u00271.8.0_91\u0027\nDriver info: driver.version: unknown","stackTrace":[{"declaringClass":"com.comcast.serenity.XHomePOC1.LoginPage","methodName":"enterCredentialDetailsWithStayIn","fileName":"LoginPage.java","lineNumber":120},{"declaringClass":"com.comcast.serenity.XHomePOC.Overview_Steps","methodName":"loginToApplication","fileName":"Overview_Steps.java","lineNumber":22},{"declaringClass":"com.comcast.serenity.XHomePOC.Overview_StepDefinition","methodName":"agent_has_logged_into_XFINITY_Home_successfully_with_and","fileName":"Overview_StepDefinition.java","lineNumber":40}],"COLLAPSE_NEW_LINE_HINTS":["AssertionError","Expected","Expecting","ComparisonFailure"]},"result":"ERROR"}]},{"number":5,"description":"And Check the system is Armed and make it disarmed","duration":2,"startTime":1475179305103,"result":"SKIPPED"},{"number":6,"description":"Then Arm the system in Away mode","duration":1,"startTime":1475179305106,"result":"SKIPPED"},{"number":7,"description":"Then User signout","duration":2,"startTime":1475179305107,"result":"SKIPPED"}]}],"userStory":{"id":"overview","storyName":"Overview","path":"Overview.feature","type":"feature"},"title":"Arming the System with Away mode","description":"","tags":[{"name":"Overview","type":"feature"},{"name":"reg1","type":"tag"}],"startTime":1475179261298,"duration":43812,"testFailureCause":{"errorType":"org.openqa.selenium.NoSuchElementException","message":"Timed out after 5 seconds. Element not found\nFor documentation on this error, please visit: http://seleniumhq.org/exceptions/no_such_element.html\nBuild info: version: \u00272.53.0\u0027, revision: \u002735ae25b1534ae328c771e0856c93e187490ca824\u0027, time: \u00272016-03-15 10:43:46\u0027\nSystem info: host: \u0027PATAPL-C3GUF6T6\u0027, ip: \u002710.36.96.94\u0027, os.name: \u0027Mac OS X\u0027, os.arch: \u0027x86_64\u0027, os.version: \u002710.11.6\u0027, java.version: \u00271.8.0_91\u0027\nDriver info: driver.version: unknown","stackTrace":[{"declaringClass":"com.comcast.serenity.XHomePOC1.LoginPage","methodName":"enterCredentialDetailsWithStayIn","fileName":"LoginPage.java","lineNumber":120},{"declaringClass":"com.comcast.serenity.XHomePOC.Overview_Steps","methodName":"loginToApplication","fileName":"Overview_Steps.java","lineNumber":22},{"declaringClass":"com.comcast.serenity.XHomePOC.Overview_StepDefinition","methodName":"agent_has_logged_into_XFINITY_Home_successfully_with_and","fileName":"Overview_StepDefinition.java","lineNumber":40}],"COLLAPSE_NEW_LINE_HINTS":["AssertionError","Expected","Expecting","ComparisonFailure"]},"testFailureClassname":"java.lang.AssertionError","testFailureMessage":"Timed out after 5 seconds. Element not found\nFor documentation on this error, please visit: http://seleniumhq.org/exceptions/no_such_element.html\nBuild info: version: \u00272.53.0\u0027, revision: \u002735ae25b1534ae328c771e0856c93e187490ca824\u0027, time: \u00272016-03-15 10:43:46\u0027\nSystem info: host: \u0027PATAPL-C3GUF6T6\u0027, ip: \u002710.36.96.94\u0027, os.name: \u0027Mac OS X\u0027, os.arch: \u0027x86_64\u0027, os.version: \u002710.11.6\u0027, java.version: \u00271.8.0_91\u0027\nDriver info: driver.version: unknown\nTimed out after 5 seconds. Element not found\nFor documentation on this error, please visit: http://seleniumhq.org/exceptions/no_such_element.html\nBuild info: version: \u00272.53.0\u0027, revision: \u002735ae25b1534ae328c771e0856c93e187490ca824\u0027, time: \u00272016-03-15 10:43:46\u0027\nSystem info: host: \u0027PATAPL-C3GUF6T6\u0027, ip: \u002710.36.96.94\u0027, os.name: \u0027Mac OS X\u0027, os.arch: \u0027x86_64\u0027, os.version: \u002710.11.6\u0027, java.version: \u00271.8.0_91\u0027\nDriver info: driver.version: unknown\nFor documentation on this error, please visit: http://seleniumhq.org/exceptions/no_such_element.html\nBuild info: version: \u00272.53.0\u0027, revision: \u002735ae25b1534ae328c771e0856c93e187490ca824\u0027, time: \u00272016-03-15 10:43:46\u0027\nSystem info: host: \u0027PATAPL-C3GUF6T6\u0027, ip: \u002710.36.96.94\u0027, os.name: \u0027Mac OS X\u0027, os.arch: \u0027x86_64\u0027, os.version: \u002710.11.6\u0027, java.version: \u00271.8.0_91\u0027\nDriver info: driver.version: unknown","annotatedResult":"ERROR","sessionId":"b5a69fa5-cd43-804f-b1de-fccfecca5b67","driver":"firefox","dataTable":{"headers":["user_name","password"],"rows":[{"values":["cimxhm22","Xhome170!"],"result":"ERROR"}],"predefinedRows":true,"currentRow":{"value":0},"dataSetDescriptors":[{"startRow":0,"rowCount":0,"name":"","description":""}]},"manual":false,"result":"ERROR"}