<acceptance-test-run title="Take the Tour" name="Take the Tour" description="" steps="6" successful="2" failures="0" errors="1" skipped="3" ignored="0" pending="0" annotated-result="ERROR" result="ERROR" duration="28970" timestamp="2016-09-25T15:57:25.309-04:00" session-id="410c3b7c-d733-c547-bfe0-258db20eda49">
  <user-story id="overview" name="Overview" path="Overview.feature"/>
  <tags>
    <tag name="Overview" type="feature"/>
    <tag name="reg" type="tag"/>
  </tags>
  <examples>
    <datasets>
      <dataset startRow="0" rowCount="0" name="" description=""/>
    </datasets>
    <headers>
      <header>user_name</header>
      <header>password</header>
    </headers>
    <rows>
      <row result="ERROR">
        <value>cimxhm22</value>
        <value>Xhome170!</value>
      </row>
    </rows>
  </examples>
  <test-group name="[1] {user_name=cimxhm22, password=Xhome170!}" result="ERROR">
    <screenshots>
      <screenshot image="f4da2576b9ad5eb0408e84e5c640f640.png"/>
    </screenshots>
    <test-step result="SUCCESS" duration="5455">
      <screenshots>
        <screenshot image="f4da2576b9ad5eb0408e84e5c640f640.png"/>
        <screenshot image="6767639b63e29958e351c170f8d42f58.png"/>
      </screenshots>
      <description>Given XFINITY Home application URL is launched</description>
    </test-step>
    <test-step result="SUCCESS" duration="12873">
      <screenshots>
        <screenshot image="6767639b63e29958e351c170f8d42f58.png"/>
        <screenshot image="c0dddd1c324f57f232ce419a3e62b521.png"/>
        <screenshot image="34e6008a590f714c95745f714ba040a3.png"/>
        <screenshot image="3bb8c56ab5ea0043a45febd90ae4c4e3.png"/>
      </screenshots>
      <description>And Agent has logged into XFINITY Home successfully with &quot;cimxhm22&quot; and &quot;Xhome170!&quot;</description>
    </test-step>
    <test-group name="When Click Take the Tour button" result="ERROR">
      <screenshots>
        <screenshot image="e75df9355a2f45c7e7bb980461e7ff99.png"/>
        <screenshot image="95c20a69303268d64b70e247e201323b.png"/>
      </screenshots>
      <test-step result="ERROR" duration="1493">
        <screenshots>
          <screenshot image="c4c609d2721d49104a41e021d1846624.png"/>
          <screenshot image="bb051ba59a4298f063d4e7df2f50cc6a.png" source="pagesource141187308896933384.html.txt"/>
        </screenshots>
        <description>Click take tour</description>
        <error>org.openqa.selenium.WebDriverException: Element is not clickable at point (996.4833374023438, 606). Other element would receive the click: &lt;xh-modal animate=&quot;&quot; shown=&quot;&quot; type=&quot;lift&quot; class=&quot;ftue-banner__modal style-scope xh-ftue-banner&quot; id=&quot;modal&quot;&gt;&lt;/xh-modal&gt;
Command duration or timeout: 66 milliseconds
Build info: version: &apos;2.53.0&apos;, revision: &apos;35ae25b1534ae328c771e0856c93e187490ca824&apos;, time: &apos;2016-03-15 10:43:46&apos;
System info: host: &apos;PATAPL-C3GUF6T6&apos;, ip: &apos;172.20.20.20&apos;, os.name: &apos;Mac OS X&apos;, os.arch: &apos;x86_64&apos;, os.version: &apos;10.11.4&apos;, java.version: &apos;1.8.0_91&apos;
Driver info: org.openqa.selenium.firefox.FirefoxDriver
Capabilities [{applicationCacheEnabled=true, rotatable=false, handlesAlerts=true, databaseEnabled=true, version=46.0.1, platform=MAC, nativeEvents=false, acceptSslCerts=true, webStorageEnabled=true, locationContextEnabled=true, browserName=firefox, takesScreenshot=true, javascriptEnabled=true, cssSelectorsEnabled=true}]
Session ID: 410c3b7c-d733-c547-bfe0-258db20eda49</error>
        <exception>org.openqa.selenium.WebDriverException:Element is not clickable at point (996.4833374023438, 606). Other element would receive the click: &lt;xh-modal animate=&quot;&quot; shown=&quot;&quot; type=&quot;lift&quot; class=&quot;ftue-banner__modal style-scope xh-ftue-banner&quot; id=&quot;modal&quot;&gt;&lt;/xh-modal&gt;
Command duration or timeout: 66 milliseconds
Build info: version: &apos;2.53.0&apos;, revision: &apos;35ae25b1534ae328c771e0856c93e187490ca824&apos;, time: &apos;2016-03-15 10:43:46&apos;
System info: host: &apos;PATAPL-C3GUF6T6&apos;, ip: &apos;172.20.20.20&apos;, os.name: &apos;Mac OS X&apos;, os.arch: &apos;x86_64&apos;, os.version: &apos;10.11.4&apos;, java.version: &apos;1.8.0_91&apos;
Driver info: org.openqa.selenium.firefox.FirefoxDriver
Capabilities [{applicationCacheEnabled=true, rotatable=false, handlesAlerts=true, databaseEnabled=true, version=46.0.1, platform=MAC, nativeEvents=false, acceptSslCerts=true, webStorageEnabled=true, locationContextEnabled=true, browserName=firefox, takesScreenshot=true, javascriptEnabled=true, cssSelectorsEnabled=true}]
Session ID: 410c3b7c-d733-c547-bfe0-258db20eda49
[com.comcast.serenity.XHomePOC1.Overview.SelectTakeTour(Overview.java:184), com.comcast.serenity.XHomePOC.Overview_Steps.clickTakeTour(Overview_Steps.java:47), com.comcast.serenity.XHomePOC.Overview_StepDefinition.TakeTour(Overview_StepDefinition.java:67)]</exception>
      </test-step>
    </test-group>
    <test-step result="SKIPPED" duration="2">
      <description>And Model dialog open and select right slider till the end</description>
    </test-step>
    <test-step result="SKIPPED" duration="1">
      <description>And select Left slider till the end</description>
    </test-step>
    <test-step result="SKIPPED" duration="1">
      <description>Then Close the Tour button</description>
    </test-step>
  </test-group>
</acceptance-test-run>